0 info it worked if it ends with ok
1 verbose cli [ '/usr/bin/nodejs', '/usr/bin/npm', 'run', 'gulp' ]
2 info using npm@1.4.21
3 info using node@v0.10.25
4 verbose run-script [ 'pregulp', 'gulp', 'postgulp' ]
5 info pregulp internal@
6 info gulp internal@
7 verbose unsafe-perm in lifecycle true
8 info internal@ Failed to exec gulp script
9 error internal@ gulp: `gulp`
9 error Exit status 8
10 error Failed at the internal@ gulp script.
10 error This is most likely a problem with the internal package,
10 error not with npm itself.
10 error Tell the author that this fails on your system:
10 error     gulp
10 error You can get their info via:
10 error     npm owner ls internal
10 error There is likely additional logging output above.
11 error System Linux 3.19.0-16-generic
12 error command "/usr/bin/nodejs" "/usr/bin/npm" "run" "gulp"
13 error cwd /home/roll/projects/mistersmith
14 error node -v v0.10.25
15 error npm -v 1.4.21
16 error code ELIFECYCLE
17 verbose exit [ 1, true ]
